Thu, 10 Mar 2016 16:16:10 C:\Python27\lib\site-packages\werkzeug-0.10.4-py2.7.egg\werkzeug\_internal.py[line:87] INFO  * Detected change in 'E:\\mana_api\\mana_api\\apiUtil.py', reloading
Thu, 10 Mar 2016 16:16:10 C:\Python27\lib\site-packages\werkzeug-0.10.4-py2.7.egg\werkzeug\_internal.py[line:87] INFO  * Restarting with stat
Thu, 10 Mar 2016 16:20:06 C:\Python27\lib\site-packages\werkzeug-0.10.4-py2.7.egg\werkzeug\_internal.py[line:87] INFO  * Detected change in 'E:\\mana_api\\mana_api\\apiUtil.py', reloading
Thu, 10 Mar 2016 16:20:06 C:\Python27\lib\site-packages\werkzeug-0.10.4-py2.7.egg\werkzeug\_internal.py[line:87] INFO  * Restarting with stat
Thu, 10 Mar 2016 16:23:23 C:\Python27\lib\site-packages\werkzeug-0.10.4-py2.7.egg\werkzeug\_internal.py[line:87] INFO  * Detected change in 'E:\\mana_api\\mana_api\\apiUtil.py', reloading
Thu, 10 Mar 2016 16:23:23 C:\Python27\lib\site-packages\werkzeug-0.10.4-py2.7.egg\werkzeug\_internal.py[line:87] INFO  * Restarting with stat
Thu, 10 Mar 2016 16:52:57 C:\Python27\lib\site-packages\werkzeug-0.10.4-py2.7.egg\werkzeug\_internal.py[line:87] INFO  * Detected change in 'E:\\mana_api\\mana_api\\apiUtil.py', reloading
Thu, 10 Mar 2016 16:52:58 C:\Python27\lib\site-packages\werkzeug-0.10.4-py2.7.egg\werkzeug\_internal.py[line:87] INFO  * Restarting with stat
Thu, 10 Mar 2016 16:55:59 C:\Python27\lib\site-packages\werkzeug-0.10.4-py2.7.egg\werkzeug\_internal.py[line:87] INFO  * Detected change in 'E:\\mana_api\\mana_api\\apiUtil.py', reloading
Thu, 10 Mar 2016 16:55:59 C:\Python27\lib\site-packages\werkzeug-0.10.4-py2.7.egg\werkzeug\_internal.py[line:87] INFO  * Restarting with stat
Thu, 10 Mar 2016 17:21:57 C:\Python27\lib\site-packages\werkzeug-0.10.4-py2.7.egg\werkzeug\_internal.py[line:87] INFO  * Running on http://0.0.0.0:8181/ (Press CTRL+C to quit)
Thu, 10 Mar 2016 17:21:57 C:\Python27\lib\site-packages\werkzeug-0.10.4-py2.7.egg\werkzeug\_internal.py[line:87] INFO  * Restarting with stat
Thu, 10 Mar 2016 17:25:43 E:\mana_api\mana_api\api\pm_mana.py[line:110] INFO Request: get pm accounts tenant_id => 74d4bda6aa1c466d8cb1f2b8eac79567 
Thu, 10 Mar 2016 17:25:43 E:\mana_api\mana_api\apiUtil.py[line:376] ERROR Error with get months list
Traceback (most recent call last):
  File "E:\mana_api\mana_api\apiUtil.py", line 368, in get_pm_accounts
    farthest_month = month_list[-1:]["month"]
TypeError: list indices must be integers, not str
Thu, 10 Mar 2016 17:25:43 C:\Python27\lib\site-packages\werkzeug-0.10.4-py2.7.egg\werkzeug\_internal.py[line:87] INFO 192.168.39.171 - - [10/Mar/2016 17:25:43] "GET /mana_api/pm_bill?tenant_id=74d4bda6aa1c466d8cb1f2b8eac79567 HTTP/1.1" 200 -
Thu, 10 Mar 2016 17:27:32 C:\Python27\lib\site-packages\werkzeug-0.10.4-py2.7.egg\werkzeug\_internal.py[line:87] INFO  * Detected change in 'E:\\mana_api\\mana_api\\apiUtil.py', reloading
Thu, 10 Mar 2016 17:27:32 C:\Python27\lib\site-packages\werkzeug-0.10.4-py2.7.egg\werkzeug\_internal.py[line:87] INFO  * Restarting with stat
Thu, 10 Mar 2016 19:04:42 C:\Python27\lib\site-packages\werkzeug-0.10.4-py2.7.egg\werkzeug\_internal.py[line:87] INFO  * Detected change in 'E:\\mana_api\\mana_api\\apiUtil.py', reloading
Thu, 10 Mar 2016 19:04:42 C:\Python27\lib\site-packages\werkzeug-0.10.4-py2.7.egg\werkzeug\_internal.py[line:87] INFO  * Restarting with stat
Thu, 10 Mar 2016 19:24:37 C:\Python27\lib\site-packages\werkzeug-0.10.4-py2.7.egg\werkzeug\_internal.py[line:87] INFO  * Detected change in 'E:\\mana_api\\mana_api\\apiUtil.py', reloading
Thu, 10 Mar 2016 19:24:37 C:\Python27\lib\site-packages\werkzeug-0.10.4-py2.7.egg\werkzeug\_internal.py[line:87] INFO  * Restarting with stat
Thu, 10 Mar 2016 19:25:06 C:\Python27\lib\site-packages\werkzeug-0.10.4-py2.7.egg\werkzeug\_internal.py[line:87] INFO  * Detected change in 'E:\\mana_api\\mana_api\\apiUtil.py', reloading
Thu, 10 Mar 2016 19:25:06 C:\Python27\lib\site-packages\werkzeug-0.10.4-py2.7.egg\werkzeug\_internal.py[line:87] INFO  * Restarting with stat
Thu, 10 Mar 2016 19:26:51 C:\Python27\lib\site-packages\werkzeug-0.10.4-py2.7.egg\werkzeug\_internal.py[line:87] INFO  * Detected change in 'E:\\mana_api\\mana_api\\apiUtil.py', reloading
Thu, 10 Mar 2016 19:26:51 C:\Python27\lib\site-packages\werkzeug-0.10.4-py2.7.egg\werkzeug\_internal.py[line:87] INFO  * Restarting with stat
Thu, 10 Mar 2016 19:28:10 C:\Python27\lib\site-packages\werkzeug-0.10.4-py2.7.egg\werkzeug\_internal.py[line:87] INFO  * Running on http://0.0.0.0:8181/ (Press CTRL+C to quit)
Thu, 10 Mar 2016 19:28:10 C:\Python27\lib\site-packages\werkzeug-0.10.4-py2.7.egg\werkzeug\_internal.py[line:87] INFO  * Restarting with stat
Thu, 10 Mar 2016 19:52:44 C:\Python27\lib\site-packages\werkzeug-0.10.4-py2.7.egg\werkzeug\_internal.py[line:87] INFO  * Detected change in 'E:\\mana_api\\mana_api\\api\\pm_mana.py', reloading
Thu, 10 Mar 2016 19:52:44 C:\Python27\lib\site-packages\werkzeug-0.10.4-py2.7.egg\werkzeug\_internal.py[line:87] INFO  * Restarting with stat
Fri, 11 Mar 2016 10:05:19 C:\Python27\lib\site-packages\werkzeug-0.10.4-py2.7.egg\werkzeug\_internal.py[line:87] INFO  * Detected change in 'E:\\mana_api\\mana_api\\apiUtil.py', reloading
Fri, 11 Mar 2016 10:05:19 C:\Python27\lib\site-packages\werkzeug-0.10.4-py2.7.egg\werkzeug\_internal.py[line:87] INFO  * Restarting with stat
Fri, 11 Mar 2016 10:12:49 C:\Python27\lib\site-packages\werkzeug-0.10.4-py2.7.egg\werkzeug\_internal.py[line:87] INFO  * Detected change in 'E:\\mana_api\\mana_api\\apiUtil.py', reloading
Fri, 11 Mar 2016 10:12:49 C:\Python27\lib\site-packages\werkzeug-0.10.4-py2.7.egg\werkzeug\_internal.py[line:87] INFO  * Restarting with stat
Wed, 16 Mar 2016 11:22:54 C:\Python27\lib\site-packages\werkzeug-0.10.4-py2.7.egg\werkzeug\_internal.py[line:87] INFO  * Detected change in 'E:\\mana_api\\mana_api\\apiUtil.py', reloading
Wed, 16 Mar 2016 11:22:55 C:\Python27\lib\site-packages\werkzeug-0.10.4-py2.7.egg\werkzeug\_internal.py[line:87] INFO  * Restarting with stat
Wed, 16 Mar 2016 11:24:27 C:\Python27\lib\site-packages\werkzeug-0.10.4-py2.7.egg\werkzeug\_internal.py[line:87] INFO  * Detected change in 'E:\\mana_api\\mana_api\\apiUtil.py', reloading
Wed, 16 Mar 2016 11:24:27 C:\Python27\lib\site-packages\werkzeug-0.10.4-py2.7.egg\werkzeug\_internal.py[line:87] INFO  * Restarting with stat
Wed, 16 Mar 2016 11:25:51 E:\mana_api\mana_api\api\pm_mana.py[line:110] INFO Request: curl -i -H "X-Auth-Token: 60feb5797e974a89af19e9a40f04ac07" -X GET "http://api.scloudm.com/mana_api/pm_bill?tenant_id=74d4bda6aa1c466d8cb1f2b8eac79567"
Wed, 16 Mar 2016 11:25:52 C:\Python27\lib\site-packages\werkzeug-0.10.4-py2.7.egg\werkzeug\_internal.py[line:87] INFO 192.168.39.171 - - [16/Mar/2016 11:25:52] "GET /mana_api/pm_bill?tenant_id=74d4bda6aa1c466d8cb1f2b8eac79567 HTTP/1.1" 200 -
Wed, 16 Mar 2016 11:27:21 E:\mana_api\mana_api\api\pm_mana.py[line:110] INFO Request: curl -i -H "X-Auth-Token: 60feb5797e974a89af19e9a40f04ac07" -X GET "http://api.scloudm.com/mana_api/pm_bill?tenant_id=74d4bda6aa1c466d8cb1f2b8eac79567"
Wed, 16 Mar 2016 11:27:21 C:\Python27\lib\site-packages\werkzeug-0.10.4-py2.7.egg\werkzeug\_internal.py[line:87] INFO 192.168.39.171 - - [16/Mar/2016 11:27:21] "GET /mana_api/pm_bill?tenant_id=74d4bda6aa1c466d8cb1f2b8eac79567 HTTP/1.1" 200 -
